[2019-08-30 21:08:17] Text error: Page not found| File: D:\Server\htdocs\enterprices\vendor\enterprices\core\Router.php| Line: 41
==================
[2019-08-30 21:08:21] Text error: Page not found| File: D:\Server\htdocs\enterprices\vendor\enterprices\core\Router.php| Line: 41
==================
[2019-08-30 21:08:26] Text error: View D:\Server\htdocs\enterprices/app/views/Department/truck.php not found| File: D:\Server\htdocs\enterprices\vendor\enterprices\core\base\View.php| Line: 38
==================
[2019-09-02 22:09:10] Text error: Page not found| File: D:\Server\htdocs\enterprices\vendor\enterprices\core\Router.php| Line: 41
==================
[2019-09-02 22:09:35] Text error: Page not found| File: D:\Server\htdocs\enterprices\vendor\enterprices\core\Router.php| Line: 41
==================
[2019-09-02 22:09:38] Text error: Page not found| File: D:\Server\htdocs\enterprices\vendor\enterprices\core\Router.php| Line: 41
==================
[2019-09-02 22:09:02] Text error: View D:\Server\htdocs\enterprices/app/views/Department/taxi.php not found| File: D:\Server\htdocs\enterprices\vendor\enterprices\core\base\View.php| Line: 38
==================
[2019-09-03 08:09:35] Text error: View D:\Server\htdocs\enterprices/app/views/Department/taxi.php not found| File: D:\Server\htdocs\enterprices\vendor\enterprices\core\base\View.php| Line: 38
==================
[2019-09-03 08:09:18] Text error: Page not found| File: D:\Server\htdocs\enterprices\vendor\enterprices\core\Router.php| Line: 41
==================
[2019-09-03 08:09:18] Text error: Page not found| File: D:\Server\htdocs\enterprices\vendor\enterprices\core\Router.php| Line: 41
==================
[2019-09-03 08:09:18] Text error: Page not found| File: D:\Server\htdocs\enterprices\vendor\enterprices\core\Router.php| Line: 41
==================
[2019-09-03 08:09:18] Text error: Page not found| File: D:\Server\htdocs\enterprices\vendor\enterprices\core\Router.php| Line: 41
==================
[2019-09-03 08:09:18] Text error: Page not found| File: D:\Server\htdocs\enterprices\vendor\enterprices\core\Router.php| Line: 41
==================
[2019-09-03 08:09:18] Text error: Page not found| File: D:\Server\htdocs\enterprices\vendor\enterprices\core\Router.php| Line: 41
==================
[2019-09-03 08:09:19] Text error: Page not found| File: D:\Server\htdocs\enterprices\vendor\enterprices\core\Router.php| Line: 41
==================
[2019-09-03 08:09:19] Text error: Page not found| File: D:\Server\htdocs\enterprices\vendor\enterprices\core\Router.php| Line: 41
==================
[2019-09-03 08:09:19] Text error: Page not found| File: D:\Server\htdocs\enterprices\vendor\enterprices\core\Router.php| Line: 41
==================
[2019-09-03 08:09:19] Text error: Page not found| File: D:\Server\htdocs\enterprices\vendor\enterprices\core\Router.php| Line: 41
==================
[2019-09-03 08:09:19] Text error: Page not found| File: D:\Server\htdocs\enterprices\vendor\enterprices\core\Router.php| Line: 41
==================
[2019-09-03 08:09:19] Text error: Page not found| File: D:\Server\htdocs\enterprices\vendor\enterprices\core\Router.php| Line: 41
==================
[2019-09-03 08:09:20] Text error: Page not found| File: D:\Server\htdocs\enterprices\vendor\enterprices\core\Router.php| Line: 41
==================
[2019-09-03 08:09:20] Text error: Page not found| File: D:\Server\htdocs\enterprices\vendor\enterprices\core\Router.php| Line: 41
==================
[2019-09-03 08:09:20] Text error: Page not found| File: D:\Server\htdocs\enterprices\vendor\enterprices\core\Router.php| Line: 41
==================
[2019-09-03 08:09:20] Text error: Page not found| File: D:\Server\htdocs\enterprices\vendor\enterprices\core\Router.php| Line: 41
==================
[2019-09-03 08:09:20] Text error: Page not found| File: D:\Server\htdocs\enterprices\vendor\enterprices\core\Router.php| Line: 41
==================
[2019-09-03 08:09:20] Text error: Page not found| File: D:\Server\htdocs\enterprices\vendor\enterprices\core\Router.php| Line: 41
==================
[2019-09-03 08:09:28] Text error: Page not found| File: D:\Server\htdocs\enterprices\vendor\enterprices\core\Router.php| Line: 41
==================
[2019-09-03 08:09:28] Text error: Page not found| File: D:\Server\htdocs\enterprices\vendor\enterprices\core\Router.php| Line: 41
==================
[2019-09-03 08:09:28] Text error: Page not found| File: D:\Server\htdocs\enterprices\vendor\enterprices\core\Router.php| Line: 41
==================
[2019-09-03 08:09:28] Text error: Page not found| File: D:\Server\htdocs\enterprices\vendor\enterprices\core\Router.php| Line: 41
==================
[2019-09-03 09:09:14] Text error: Page not found| File: D:\Server\htdocs\enterprices\vendor\enterprices\core\Router.php| Line: 41
==================
[2019-09-03 09:09:17] Text error: Page not found| File: D:\Server\htdocs\enterprices\vendor\enterprices\core\Router.php| Line: 41
==================
[2019-09-03 09:09:22] Text error: Page not found| File: D:\Server\htdocs\enterprices\vendor\enterprices\core\Router.php| Line: 41
==================
[2019-09-03 09:09:29] Text error: Page not found| File: D:\Server\htdocs\enterprices\vendor\enterprices\core\Router.php| Line: 41
==================
[2019-09-03 09:09:17] Text error: Page not found| File: D:\Server\htdocs\enterprices\vendor\enterprices\core\Router.php| Line: 41
==================
[2019-09-03 09:09:17] Text error: Page not found| File: D:\Server\htdocs\enterprices\vendor\enterprices\core\Router.php| Line: 41
==================
[2019-09-03 09:09:18] Text error: Page not found| File: D:\Server\htdocs\enterprices\vendor\enterprices\core\Router.php| Line: 41
==================
[2019-09-03 09:09:18] Text error: Page not found| File: D:\Server\htdocs\enterprices\vendor\enterprices\core\Router.php| Line: 41
==================
[2019-09-03 09:09:19] Text error: Page not found| File: D:\Server\htdocs\enterprices\vendor\enterprices\core\Router.php| Line: 41
==================
[2019-09-03 09:09:19] Text error: Page not found| File: D:\Server\htdocs\enterprices\vendor\enterprices\core\Router.php| Line: 41
==================
[2019-09-03 09:09:20] Text error: Page not found| File: D:\Server\htdocs\enterprices\vendor\enterprices\core\Router.php| Line: 41
==================
[2019-09-03 09:09:20] Text error: Page not found| File: D:\Server\htdocs\enterprices\vendor\enterprices\core\Router.php| Line: 41
==================
[2019-09-03 09:09:23] Text error: Page not found| File: D:\Server\htdocs\enterprices\vendor\enterprices\core\Router.php| Line: 41
==================
[2019-09-03 09:09:23] Text error: Page not found| File: D:\Server\htdocs\enterprices\vendor\enterprices\core\Router.php| Line: 41
==================
[2019-09-03 14:09:46] Text error: Page not found| File: D:\Server\htdocs\enterprices\vendor\enterprices\core\Router.php| Line: 41
==================
[2019-09-03 14:09:46] Text error: Page not found| File: D:\Server\htdocs\enterprices\vendor\enterprices\core\Router.php| Line: 41
==================
[2019-09-03 15:09:49] Text error: Page not found| File: D:\Server\htdocs\enterprices\vendor\enterprices\core\Router.php| Line: 41
==================
[2019-09-04 05:09:33] Text error: View D:\Server\htdocs\enterprices/app/views/Department/truck.php not found| File: D:\Server\htdocs\enterprices\vendor\enterprices\core\base\View.php| Line: 38
==================
[2019-09-04 05:09:08] Text error: Call to undefined function drivers()| File: D:\Server\htdocs\enterprices\app\controllers\DepartmentController.php| Line: 12
==================
[2019-09-04 06:09:30] Text error: Expected array, string given.| File: D:\Server\htdocs\enterprices\vendor\gabordemooij\redbean\RedBeanPHP\Finder.php| Line: 146
==================
[2019-09-04 06:09:31] Text error: Expected array, string given.| File: D:\Server\htdocs\enterprices\vendor\gabordemooij\redbean\RedBeanPHP\Finder.php| Line: 146
==================
[2019-09-04 06:09:26] Text error: View D:\Server\htdocs\enterprices/app/views/Department/truck.php not found| File: D:\Server\htdocs\enterprices\vendor\enterprices\core\base\View.php| Line: 38
==================
[2019-09-04 06:09:54] Text error: View D:\Server\htdocs\enterprices/app/views/Department/truck.php not found| File: D:\Server\htdocs\enterprices\vendor\enterprices\core\base\View.php| Line: 38
==================
[2019-09-04 06:09:28] Text error: View D:\Server\htdocs\enterprices/app/views/Department/bus.php not found| File: D:\Server\htdocs\enterprices\vendor\enterprices\core\base\View.php| Line: 38
==================
[2019-09-04 06:09:46] Text error: View D:\Server\htdocs\enterprices/app/views/Department/bus.php not found| File: D:\Server\htdocs\enterprices\vendor\enterprices\core\base\View.php| Line: 38
==================
[2019-09-04 06:09:47] Text error: View D:\Server\htdocs\enterprices/app/views/Department/bus.php not found| File: D:\Server\htdocs\enterprices\vendor\enterprices\core\base\View.php| Line: 38
==================
[2019-09-04 06:09:23] Text error: Page not found| File: D:\Server\htdocs\enterprices\vendor\enterprices\core\Router.php| Line: 41
==================
[2019-09-04 06:09:04] Text error: Page not found| File: D:\Server\htdocs\enterprices\vendor\enterprices\core\Router.php| Line: 41
==================
[2019-09-04 06:09:25] Text error: Page not found| File: D:\Server\htdocs\enterprices\vendor\enterprices\core\Router.php| Line: 41
==================
[2019-09-04 06:09:29] Text error: Page not found| File: D:\Server\htdocs\enterprices\vendor\enterprices\core\Router.php| Line: 41
==================
[2019-09-04 06:09:50] Text error: Page not found| File: D:\Server\htdocs\enterprices\vendor\enterprices\core\Router.php| Line: 41
==================
[2019-09-04 06:09:15] Text error: Page not found| File: D:\Server\htdocs\enterprices\vendor\enterprices\core\Router.php| Line: 41
==================
[2019-09-04 06:09:33] Text error: Page not found| File: D:\Server\htdocs\enterprices\vendor\enterprices\core\Router.php| Line: 41
==================
[2019-09-04 06:09:51] Text error: Page not found| File: D:\Server\htdocs\enterprices\vendor\enterprices\core\Router.php| Line: 41
==================
[2019-09-04 06:09:57] Text error: Page not found| File: D:\Server\htdocs\enterprices\vendor\enterprices\core\Router.php| Line: 41
==================
[2019-09-04 06:09:58] Text error: Page not found| File: D:\Server\htdocs\enterprices\vendor\enterprices\core\Router.php| Line: 41
==================
[2019-09-04 06:09:59] Text error: Page not found| File: D:\Server\htdocs\enterprices\vendor\enterprices\core\Router.php| Line: 41
==================
[2019-09-04 06:09:00] Text error: Page not found| File: D:\Server\htdocs\enterprices\vendor\enterprices\core\Router.php| Line: 41
==================
[2019-09-04 06:09:00] Text error: Page not found| File: D:\Server\htdocs\enterprices\vendor\enterprices\core\Router.php| Line: 41
==================
[2019-09-04 06:09:00] Text error: Page not found| File: D:\Server\htdocs\enterprices\vendor\enterprices\core\Router.php| Line: 41
==================
[2019-09-04 06:09:01] Text error: Page not found| File: D:\Server\htdocs\enterprices\vendor\enterprices\core\Router.php| Line: 41
==================
[2019-09-04 06:09:02] Text error: Page not found| File: D:\Server\htdocs\enterprices\vendor\enterprices\core\Router.php| Line: 41
==================
[2019-09-04 06:09:03] Text error: Page not found| File: D:\Server\htdocs\enterprices\vendor\enterprices\core\Router.php| Line: 41
==================
[2019-09-04 06:09:29] Text error: Page not found| File: D:\Server\htdocs\enterprices\vendor\enterprices\core\Router.php| Line: 41
==================
[2019-09-04 06:09:15] Text error: Page not found| File: D:\Server\htdocs\enterprices\vendor\enterprices\core\Router.php| Line: 41
==================
[2019-09-04 07:09:29] Text error: Call to undefined function app\controllers\dubug()| File: D:\Server\htdocs\enterprices\app\controllers\DepartmentController.php| Line: 35
==================
[2019-09-04 07:09:31] Text error: Call to undefined function app\controllers\dubug()| File: D:\Server\htdocs\enterprices\app\controllers\DepartmentController.php| Line: 35
==================
[2019-09-04 07:09:31] Text error: Call to undefined function app\controllers\dubug()| File: D:\Server\htdocs\enterprices\app\controllers\DepartmentController.php| Line: 35
==================
[2019-09-04 07:09:31] Text error: Call to undefined function app\controllers\dubug()| File: D:\Server\htdocs\enterprices\app\controllers\DepartmentController.php| Line: 35
==================
[2019-09-04 07:09:14] Text error: syntax error, unexpected '}'| File: D:\Server\htdocs\enterprices\app\controllers\DepartmentController.php| Line: 34
==================
[2019-09-04 07:09:10] Text error: syntax error, unexpected ','| File: D:\Server\htdocs\enterprices\app\controllers\DepartmentController.php| Line: 36
==================
[2019-09-04 08:09:22] Text error: syntax error, unexpected 'foreach' (T_FOREACH)| File: D:\Server\htdocs\enterprices\app\controllers\DepartmentController.php| Line: 38
==================
[2019-09-04 08:09:24] Text error: syntax error, unexpected 'foreach' (T_FOREACH)| File: D:\Server\htdocs\enterprices\app\controllers\DepartmentController.php| Line: 38
==================
[2019-09-04 08:09:09] Text error: syntax error, unexpected ')', expecting '['| File: D:\Server\htdocs\enterprices\app\controllers\DepartmentController.php| Line: 32
==================
[2019-09-04 08:09:10] Text error: syntax error, unexpected ')', expecting '['| File: D:\Server\htdocs\enterprices\app\controllers\DepartmentController.php| Line: 32
==================
[2019-09-04 08:09:46] Text error: View D:\Server\htdocs\enterprices/app/views/Department/truck.php not found| File: D:\Server\htdocs\enterprices\vendor\enterprices\core\base\View.php| Line: 42
==================
[2019-09-04 08:09:48] Text error: View D:\Server\htdocs\enterprices/app/views/Department/bus.php not found| File: D:\Server\htdocs\enterprices\vendor\enterprices\core\base\View.php| Line: 42
==================
[2019-09-04 08:09:52] Text error: View D:\Server\htdocs\enterprices/app/views/Department/truck.php not found| File: D:\Server\htdocs\enterprices\vendor\enterprices\core\base\View.php| Line: 42
==================
[2019-09-04 20:09:33] Text error: syntax error, unexpected '}'| File: D:\Server\htdocs\enterprices\app\controllers\MainController.php| Line: 16
==================
[2019-09-04 20:09:31] Text error: Too few arguments to function RedBeanPHP\Facade::getAssoc(), 0 passed in D:\Server\htdocs\enterprices\app\controllers\MainController.php on line 20 and at least 1 expected| File: D:\Server\htdocs\enterprices\vendor\gabordemooij\redbean\RedBeanPHP\Facade.php| Line: 1256
==================
[2019-09-04 20:09:33] Text error: Too few arguments to function RedBeanPHP\Facade::getAssoc(), 0 passed in D:\Server\htdocs\enterprices\app\controllers\MainController.php on line 20 and at least 1 expected| File: D:\Server\htdocs\enterprices\vendor\gabordemooij\redbean\RedBeanPHP\Facade.php| Line: 1256
==================
[2019-09-04 20:09:53] Text error: SQLSTATE[42000]: Syntax error or access violation: 1064 You have an error in your SQL syntax; check the manual that corresponds to your MySQL server version for the right syntax to use near '`drivers`' at line 1| File: D:\Server\htdocs\enterprices\vendor\gabordemooij\redbean\RedBeanPHP\Driver\RPDO.php| Line: 194
==================
[2019-09-04 20:09:55] Text error: SQLSTATE[42000]: Syntax error or access violation: 1064 You have an error in your SQL syntax; check the manual that corresponds to your MySQL server version for the right syntax to use near '`drivers`' at line 1| File: D:\Server\htdocs\enterprices\vendor\gabordemooij\redbean\RedBeanPHP\Driver\RPDO.php| Line: 194
==================
[2019-09-05 21:09:10] Text error: Method app\controllers\DepartmentController::indexAction not found| File: D:\Server\htdocs\enterprices\vendor\enterprices\core\Router.php| Line: 35
==================
[2019-09-05 21:09:12] Text error: Page not found| File: D:\Server\htdocs\enterprices\vendor\enterprices\core\Router.php| Line: 41
==================
[2019-09-05 21:09:50] Text error: Method app\controllers\DepartmentController::indexAction not found| File: D:\Server\htdocs\enterprices\vendor\enterprices\core\Router.php| Line: 35
==================
[2019-09-05 21:09:51] Text error: View D:\Server\htdocs\enterprices/app/views/Department/index.php not found| File: D:\Server\htdocs\enterprices\vendor\enterprices\core\base\View.php| Line: 42
==================
[2019-09-05 21:09:39] Text error: Page not found| File: D:\Server\htdocs\enterprices\vendor\enterprices\core\Router.php| Line: 41
==================
[2019-09-11 14:09:24] Text error: syntax error, unexpected 'return' (T_RETURN)| File: D:\Server\htdocs\enterprices\app\controllers\DepartmentController.php| Line: 56
==================
[2019-09-11 14:09:27] Text error: syntax error, unexpected 'return' (T_RETURN)| File: D:\Server\htdocs\enterprices\app\controllers\DepartmentController.php| Line: 56
==================
[2019-09-12 21:09:05] Text error: Page not found| File: D:\Server\htdocs\enterprices\vendor\enterprices\core\Router.php| Line: 41
==================
[2019-09-12 21:09:32] Text error: Page not found| File: D:\Server\htdocs\enterprices\vendor\enterprices\core\Router.php| Line: 41
==================
[2019-09-12 21:09:34] Text error: Page not found| File: D:\Server\htdocs\enterprices\vendor\enterprices\core\Router.php| Line: 41
==================
[2019-09-12 21:09:46] Text error: Page not found| File: D:\Server\htdocs\enterprices\vendor\enterprices\core\Router.php| Line: 41
==================
[2019-09-12 21:09:07] Text error: Page not found| File: D:\Server\htdocs\enterprices\vendor\enterprices\core\Router.php| Line: 41
==================
[2019-09-12 22:09:19] Text error: SQLSTATE[42S02]: Base table or view not found: 1146 Table 'enterprices.bus_routes' doesn't exist| File: D:\Server\htdocs\enterprices\vendor\gabordemooij\redbean\RedBeanPHP\Driver\RPDO.php| Line: 194
==================
[2019-09-12 22:09:20] Text error: SQLSTATE[42S02]: Base table or view not found: 1146 Table 'enterprices.bus_routes' doesn't exist| File: D:\Server\htdocs\enterprices\vendor\gabordemooij\redbean\RedBeanPHP\Driver\RPDO.php| Line: 194
==================
[2019-09-12 22:09:28] Text error: SQLSTATE[42S02]: Base table or view not found: 1146 Table 'enterprices.bus_routes' doesn't exist| File: D:\Server\htdocs\enterprices\vendor\gabordemooij\redbean\RedBeanPHP\Driver\RPDO.php| Line: 194
==================
[2019-09-12 23:09:56] Text error: syntax error, unexpected '<', expecting end of file| File: D:\Server\htdocs\enterprices\app\views\Department\bus.php| Line: 306
==================
[2019-09-12 23:09:42] Text error: Page not found| File: D:\Server\htdocs\enterprices\vendor\enterprices\core\Router.php| Line: 41
==================
[2019-09-13 15:09:46] Text error: Page not found| File: D:\Server\htdocs\enterprices\vendor\enterprices\core\Router.php| Line: 41
==================
[2019-09-13 15:09:15] Text error: Page not found| File: D:\Server\htdocs\enterprices\vendor\enterprices\core\Router.php| Line: 41
==================
[2019-09-13 15:09:52] Text error: Page not found| File: D:\Server\htdocs\enterprices\vendor\enterprices\core\Router.php| Line: 41
==================
[2019-09-13 15:09:25] Text error: Page not found| File: D:\Server\htdocs\enterprices\vendor\enterprices\core\Router.php| Line: 41
==================
[2019-09-13 15:09:43] Text error: Page not found| File: D:\Server\htdocs\enterprices\vendor\enterprices\core\Router.php| Line: 41
==================
[2019-09-13 15:09:46] Text error: Method app\controllers\BusController::routesAction not found| File: D:\Server\htdocs\enterprices\vendor\enterprices\core\Router.php| Line: 35
==================
[2019-09-13 15:09:49] Text error: Method app\controllers\BusController::routesAction not found| File: D:\Server\htdocs\enterprices\vendor\enterprices\core\Router.php| Line: 35
==================
[2019-09-13 15:09:50] Text error: Method app\controllers\BusController::routesAction not found| File: D:\Server\htdocs\enterprices\vendor\enterprices\core\Router.php| Line: 35
==================
[2019-09-13 15:09:51] Text error: Method app\controllers\BusController::routesAction not found| File: D:\Server\htdocs\enterprices\vendor\enterprices\core\Router.php| Line: 35
==================
[2019-09-13 15:09:51] Text error: Method app\controllers\BusController::routesAction not found| File: D:\Server\htdocs\enterprices\vendor\enterprices\core\Router.php| Line: 35
==================
[2019-09-13 15:09:52] Text error: Method app\controllers\BusController::routesAction not found| File: D:\Server\htdocs\enterprices\vendor\enterprices\core\Router.php| Line: 35
==================
[2019-09-13 15:09:52] Text error: Method app\controllers\BusController::routesAction not found| File: D:\Server\htdocs\enterprices\vendor\enterprices\core\Router.php| Line: 35
==================
[2019-09-13 15:09:52] Text error: Method app\controllers\BusController::routesAction not found| File: D:\Server\htdocs\enterprices\vendor\enterprices\core\Router.php| Line: 35
==================
[2019-09-13 15:09:53] Text error: Method app\controllers\BusController::routesAction not found| File: D:\Server\htdocs\enterprices\vendor\enterprices\core\Router.php| Line: 35
==================
[2019-09-13 15:09:53] Text error: Method app\controllers\BusController::routesAction not found| File: D:\Server\htdocs\enterprices\vendor\enterprices\core\Router.php| Line: 35
==================
[2019-09-13 15:09:53] Text error: Method app\controllers\BusController::routesAction not found| File: D:\Server\htdocs\enterprices\vendor\enterprices\core\Router.php| Line: 35
==================
[2019-09-13 15:09:53] Text error: Method app\controllers\BusController::routesAction not found| File: D:\Server\htdocs\enterprices\vendor\enterprices\core\Router.php| Line: 35
==================
[2019-09-13 15:09:54] Text error: Method app\controllers\BusController::routesAction not found| File: D:\Server\htdocs\enterprices\vendor\enterprices\core\Router.php| Line: 35
==================
[2019-09-13 15:09:54] Text error: Method app\controllers\BusController::routesAction not found| File: D:\Server\htdocs\enterprices\vendor\enterprices\core\Router.php| Line: 35
==================
[2019-09-13 15:09:54] Text error: Method app\controllers\BusController::routesAction not found| File: D:\Server\htdocs\enterprices\vendor\enterprices\core\Router.php| Line: 35
==================
[2019-09-13 15:09:55] Text error: Method app\controllers\BusController::routesAction not found| File: D:\Server\htdocs\enterprices\vendor\enterprices\core\Router.php| Line: 35
==================
[2019-09-13 15:09:55] Text error: Method app\controllers\BusController::routesAction not found| File: D:\Server\htdocs\enterprices\vendor\enterprices\core\Router.php| Line: 35
==================
[2019-09-13 15:09:55] Text error: Method app\controllers\BusController::routesAction not found| File: D:\Server\htdocs\enterprices\vendor\enterprices\core\Router.php| Line: 35
==================
[2019-09-13 16:09:43] Text error: Page not found| File: D:\Server\htdocs\enterprices\vendor\enterprices\core\Router.php| Line: 41
==================
[2019-09-13 16:09:44] Text error: Page not found| File: D:\Server\htdocs\enterprices\vendor\enterprices\core\Router.php| Line: 41
==================
[2019-09-13 16:09:45] Text error: Page not found| File: D:\Server\htdocs\enterprices\vendor\enterprices\core\Router.php| Line: 41
==================
[2019-09-13 16:09:45] Text error: Page not found| File: D:\Server\htdocs\enterprices\vendor\enterprices\core\Router.php| Line: 41
==================
[2019-09-13 16:09:45] Text error: Page not found| File: D:\Server\htdocs\enterprices\vendor\enterprices\core\Router.php| Line: 41
==================
[2019-09-13 16:09:12] Text error: Page not found| File: D:\Server\htdocs\enterprices\vendor\enterprices\core\Router.php| Line: 41
==================
[2019-09-13 16:09:40] Text error: Page not found| File: D:\Server\htdocs\enterprices\vendor\enterprices\core\Router.php| Line: 41
==================
[2019-09-13 16:09:41] Text error: Page not found| File: D:\Server\htdocs\enterprices\vendor\enterprices\core\Router.php| Line: 41
==================
[2019-09-13 16:09:54] Text error: Controller app\controllers\BussController not found| File: D:\Server\htdocs\enterprices\vendor\enterprices\core\Router.php| Line: 38
==================
[2019-09-13 16:09:56] Text error: Controller app\controllers\BussController not found| File: D:\Server\htdocs\enterprices\vendor\enterprices\core\Router.php| Line: 38
==================
[2019-09-13 16:09:57] Text error: Controller app\controllers\BussController not found| File: D:\Server\htdocs\enterprices\vendor\enterprices\core\Router.php| Line: 38
==================
[2019-09-13 16:09:57] Text error: Controller app\controllers\BussController not found| File: D:\Server\htdocs\enterprices\vendor\enterprices\core\Router.php| Line: 38
==================
[2019-09-13 16:09:08] Text error: Controller app\controllers\BussController not found| File: D:\Server\htdocs\enterprices\vendor\enterprices\core\Router.php| Line: 38
==================
[2019-09-13 16:09:09] Text error: Controller app\controllers\BussController not found| File: D:\Server\htdocs\enterprices\vendor\enterprices\core\Router.php| Line: 38
==================
[2019-09-13 16:09:09] Text error: Controller app\controllers\BussController not found| File: D:\Server\htdocs\enterprices\vendor\enterprices\core\Router.php| Line: 38
==================
[2019-09-13 16:09:10] Text error: Controller app\controllers\BussController not found| File: D:\Server\htdocs\enterprices\vendor\enterprices\core\Router.php| Line: 38
==================
[2019-09-13 16:09:10] Text error: Controller app\controllers\BussController not found| File: D:\Server\htdocs\enterprices\vendor\enterprices\core\Router.php| Line: 38
==================
[2019-09-13 16:09:10] Text error: Controller app\controllers\BussController not found| File: D:\Server\htdocs\enterprices\vendor\enterprices\core\Router.php| Line: 38
==================
[2019-09-13 16:09:10] Text error: Controller app\controllers\BussController not found| File: D:\Server\htdocs\enterprices\vendor\enterprices\core\Router.php| Line: 38
==================
[2019-09-13 16:09:10] Text error: Controller app\controllers\BussController not found| File: D:\Server\htdocs\enterprices\vendor\enterprices\core\Router.php| Line: 38
==================
[2019-09-13 16:09:11] Text error: Controller app\controllers\BussController not found| File: D:\Server\htdocs\enterprices\vendor\enterprices\core\Router.php| Line: 38
==================
[2019-09-13 16:09:11] Text error: Controller app\controllers\BussController not found| File: D:\Server\htdocs\enterprices\vendor\enterprices\core\Router.php| Line: 38
==================
[2019-09-13 16:09:11] Text error: Controller app\controllers\BussController not found| File: D:\Server\htdocs\enterprices\vendor\enterprices\core\Router.php| Line: 38
==================
[2019-09-13 16:09:11] Text error: Controller app\controllers\BussController not found| File: D:\Server\htdocs\enterprices\vendor\enterprices\core\Router.php| Line: 38
==================
[2019-09-13 16:09:12] Text error: Controller app\controllers\BussController not found| File: D:\Server\htdocs\enterprices\vendor\enterprices\core\Router.php| Line: 38
==================
[2019-09-13 16:09:12] Text error: Controller app\controllers\BussController not found| File: D:\Server\htdocs\enterprices\vendor\enterprices\core\Router.php| Line: 38
==================
[2019-09-13 16:09:12] Text error: Controller app\controllers\BussController not found| File: D:\Server\htdocs\enterprices\vendor\enterprices\core\Router.php| Line: 38
==================
[2019-09-13 16:09:13] Text error: Controller app\controllers\BussController not found| File: D:\Server\htdocs\enterprices\vendor\enterprices\core\Router.php| Line: 38
==================
[2019-09-13 16:09:13] Text error: Controller app\controllers\BussController not found| File: D:\Server\htdocs\enterprices\vendor\enterprices\core\Router.php| Line: 38
==================
[2019-09-13 16:09:13] Text error: Controller app\controllers\BussController not found| File: D:\Server\htdocs\enterprices\vendor\enterprices\core\Router.php| Line: 38
==================
[2019-09-13 16:09:18] Text error: Controller app\controllers\BussController not found| File: D:\Server\htdocs\enterprices\vendor\enterprices\core\Router.php| Line: 38
==================
[2019-09-13 16:09:18] Text error: Controller app\controllers\BussController not found| File: D:\Server\htdocs\enterprices\vendor\enterprices\core\Router.php| Line: 38
==================
[2019-09-13 16:09:18] Text error: Controller app\controllers\BussController not found| File: D:\Server\htdocs\enterprices\vendor\enterprices\core\Router.php| Line: 38
==================
[2019-09-13 16:09:35] Text error: Page not found| File: D:\Server\htdocs\enterprices\vendor\enterprices\core\Router.php| Line: 41
==================
[2019-09-13 16:09:45] Text error: Page not found| File: D:\Server\htdocs\enterprices\vendor\enterprices\core\Router.php| Line: 41
==================
[2019-09-13 16:09:39] Text error: Page not found| File: D:\Server\htdocs\enterprices\vendor\enterprices\core\Router.php| Line: 41
==================
[2019-09-13 16:09:42] Text error: Page not found| File: D:\Server\htdocs\enterprices\vendor\enterprices\core\Router.php| Line: 41
==================
[2019-09-13 16:09:43] Text error: Page not found| File: D:\Server\htdocs\enterprices\vendor\enterprices\core\Router.php| Line: 41
==================
[2019-09-13 16:09:51] Text error: Method app\controllers\BusController::indexAction not found| File: D:\Server\htdocs\enterprices\vendor\enterprices\core\Router.php| Line: 35
==================
[2019-09-13 16:09:59] Text error: Method app\controllers\BusController::routesAction not found| File: D:\Server\htdocs\enterprices\vendor\enterprices\core\Router.php| Line: 35
==================
[2019-09-13 16:09:58] Text error: Page not found| File: D:\Server\htdocs\enterprices\vendor\enterprices\core\Router.php| Line: 41
==================
[2019-09-13 16:09:03] Text error: Page not found| File: D:\Server\htdocs\enterprices\vendor\enterprices\core\Router.php| Line: 41
==================
[2019-09-13 16:09:03] Text error: Page not found| File: D:\Server\htdocs\enterprices\vendor\enterprices\core\Router.php| Line: 41
==================
[2019-09-13 16:09:04] Text error: Page not found| File: D:\Server\htdocs\enterprices\vendor\enterprices\core\Router.php| Line: 41
==================
[2019-09-13 16:09:04] Text error: Page not found| File: D:\Server\htdocs\enterprices\vendor\enterprices\core\Router.php| Line: 41
==================
[2019-09-13 16:09:04] Text error: Page not found| File: D:\Server\htdocs\enterprices\vendor\enterprices\core\Router.php| Line: 41
==================
[2019-09-13 16:09:04] Text error: Page not found| File: D:\Server\htdocs\enterprices\vendor\enterprices\core\Router.php| Line: 41
==================
[2019-09-13 16:09:05] Text error: Page not found| File: D:\Server\htdocs\enterprices\vendor\enterprices\core\Router.php| Line: 41
==================
[2019-09-13 16:09:05] Text error: Page not found| File: D:\Server\htdocs\enterprices\vendor\enterprices\core\Router.php| Line: 41
==================
[2019-09-13 16:09:05] Text error: Page not found| File: D:\Server\htdocs\enterprices\vendor\enterprices\core\Router.php| Line: 41
==================
[2019-09-13 16:09:05] Text error: Page not found| File: D:\Server\htdocs\enterprices\vendor\enterprices\core\Router.php| Line: 41
==================
[2019-09-13 16:09:06] Text error: Page not found| File: D:\Server\htdocs\enterprices\vendor\enterprices\core\Router.php| Line: 41
==================
[2019-09-13 16:09:06] Text error: Page not found| File: D:\Server\htdocs\enterprices\vendor\enterprices\core\Router.php| Line: 41
==================
[2019-09-13 16:09:06] Text error: Page not found| File: D:\Server\htdocs\enterprices\vendor\enterprices\core\Router.php| Line: 41
==================
[2019-09-13 16:09:11] Text error: Method app\controllers\BusController::indexAction not found| File: D:\Server\htdocs\enterprices\vendor\enterprices\core\Router.php| Line: 35
==================
[2019-09-13 16:09:34] Text error: Page not found| File: D:\Server\htdocs\enterprices\vendor\enterprices\core\Router.php| Line: 41
==================
[2019-09-13 16:09:41] Text error: Page not found| File: D:\Server\htdocs\enterprices\vendor\enterprices\core\Router.php| Line: 41
==================
[2019-09-13 16:09:55] Text error: Page not found| File: D:\Server\htdocs\enterprices\vendor\enterprices\core\Router.php| Line: 41
==================
[2019-09-13 16:09:58] Text error: Page not found| File: D:\Server\htdocs\enterprices\vendor\enterprices\core\Router.php| Line: 41
==================
[2019-09-13 16:09:39] Text error: SQLSTATE[42000]: Syntax error or access violation: 1064 You have an error in your SQL syntax; check the manual that corresponds to your MySQL server version for the right syntax to use near 'bus_routes' at line 1| File: D:\Server\htdocs\enterprices\vendor\gabordemooij\redbean\RedBeanPHP\Driver\RPDO.php| Line: 194
==================
[2019-09-13 16:09:41] Text error: SQLSTATE[42000]: Syntax error or access violation: 1064 You have an error in your SQL syntax; check the manual that corresponds to your MySQL server version for the right syntax to use near 'bus_routes' at line 1| File: D:\Server\htdocs\enterprices\vendor\gabordemooij\redbean\RedBeanPHP\Driver\RPDO.php| Line: 194
==================
[2019-09-13 16:09:46] Text error: SQLSTATE[42000]: Syntax error or access violation: 1064 You have an error in your SQL syntax; check the manual that corresponds to your MySQL server version for the right syntax to use near ''2b' LIKE 1' at line 1| File: D:\Server\htdocs\enterprices\vendor\gabordemooij\redbean\RedBeanPHP\Driver\RPDO.php| Line: 194
==================
[2019-09-13 16:09:47] Text error: SQLSTATE[42000]: Syntax error or access violation: 1064 You have an error in your SQL syntax; check the manual that corresponds to your MySQL server version for the right syntax to use near ''2b' LIKE 1' at line 1| File: D:\Server\htdocs\enterprices\vendor\gabordemooij\redbean\RedBeanPHP\Driver\RPDO.php| Line: 194
==================
[2019-09-13 16:09:48] Text error: SQLSTATE[42000]: Syntax error or access violation: 1064 You have an error in your SQL syntax; check the manual that corresponds to your MySQL server version for the right syntax to use near ''2b' LIKE 1' at line 1| File: D:\Server\htdocs\enterprices\vendor\gabordemooij\redbean\RedBeanPHP\Driver\RPDO.php| Line: 194
==================
[2019-09-13 16:09:48] Text error: SQLSTATE[42000]: Syntax error or access violation: 1064 You have an error in your SQL syntax; check the manual that corresponds to your MySQL server version for the right syntax to use near ''2b' LIKE 1' at line 1| File: D:\Server\htdocs\enterprices\vendor\gabordemooij\redbean\RedBeanPHP\Driver\RPDO.php| Line: 194
==================
[2019-09-13 16:09:49] Text error: SQLSTATE[42000]: Syntax error or access violation: 1064 You have an error in your SQL syntax; check the manual that corresponds to your MySQL server version for the right syntax to use near ''2b' LIKE 1' at line 1| File: D:\Server\htdocs\enterprices\vendor\gabordemooij\redbean\RedBeanPHP\Driver\RPDO.php| Line: 194
==================
[2019-09-13 16:09:49] Text error: SQLSTATE[42000]: Syntax error or access violation: 1064 You have an error in your SQL syntax; check the manual that corresponds to your MySQL server version for the right syntax to use near ''2b' LIKE 1' at line 1| File: D:\Server\htdocs\enterprices\vendor\gabordemooij\redbean\RedBeanPHP\Driver\RPDO.php| Line: 194
==================
[2019-09-13 16:09:50] Text error: SQLSTATE[42000]: Syntax error or access violation: 1064 You have an error in your SQL syntax; check the manual that corresponds to your MySQL server version for the right syntax to use near ''2b' LIKE 1' at line 1| File: D:\Server\htdocs\enterprices\vendor\gabordemooij\redbean\RedBeanPHP\Driver\RPDO.php| Line: 194
==================
[2019-09-13 16:09:50] Text error: SQLSTATE[42000]: Syntax error or access violation: 1064 You have an error in your SQL syntax; check the manual that corresponds to your MySQL server version for the right syntax to use near ''2b' LIKE 1' at line 1| File: D:\Server\htdocs\enterprices\vendor\gabordemooij\redbean\RedBeanPHP\Driver\RPDO.php| Line: 194
==================
[2019-09-13 16:09:58] Text error: SQLSTATE[42000]: Syntax error or access violation: 1064 You have an error in your SQL syntax; check the manual that corresponds to your MySQL server version for the right syntax to use near ''2b' LIMIT 1' at line 1| File: D:\Server\htdocs\enterprices\vendor\gabordemooij\redbean\RedBeanPHP\Driver\RPDO.php| Line: 194
==================
[2019-09-13 16:09:59] Text error: SQLSTATE[42000]: Syntax error or access violation: 1064 You have an error in your SQL syntax; check the manual that corresponds to your MySQL server version for the right syntax to use near ''2b' LIMIT 1' at line 1| File: D:\Server\htdocs\enterprices\vendor\gabordemooij\redbean\RedBeanPHP\Driver\RPDO.php| Line: 194
==================
[2019-09-13 16:09:59] Text error: SQLSTATE[42000]: Syntax error or access violation: 1064 You have an error in your SQL syntax; check the manual that corresponds to your MySQL server version for the right syntax to use near ''2b' LIMIT 1' at line 1| File: D:\Server\htdocs\enterprices\vendor\gabordemooij\redbean\RedBeanPHP\Driver\RPDO.php| Line: 194
==================
[2019-09-13 16:09:06] Text error: SQLSTATE[42000]: Syntax error or access violation: 1064 You have an error in your SQL syntax; check the manual that corresponds to your MySQL server version for the right syntax to use near ''2b'' at line 1| File: D:\Server\htdocs\enterprices\vendor\gabordemooij\redbean\RedBeanPHP\Driver\RPDO.php| Line: 194
==================
[2019-09-13 16:09:06] Text error: SQLSTATE[42000]: Syntax error or access violation: 1064 You have an error in your SQL syntax; check the manual that corresponds to your MySQL server version for the right syntax to use near ''2b'' at line 1| File: D:\Server\htdocs\enterprices\vendor\gabordemooij\redbean\RedBeanPHP\Driver\RPDO.php| Line: 194
==================
[2019-09-13 16:09:07] Text error: SQLSTATE[42000]: Syntax error or access violation: 1064 You have an error in your SQL syntax; check the manual that corresponds to your MySQL server version for the right syntax to use near ''2b'' at line 1| File: D:\Server\htdocs\enterprices\vendor\gabordemooij\redbean\RedBeanPHP\Driver\RPDO.php| Line: 194
==================
[2019-09-13 16:09:07] Text error: SQLSTATE[42000]: Syntax error or access violation: 1064 You have an error in your SQL syntax; check the manual that corresponds to your MySQL server version for the right syntax to use near ''2b'' at line 1| File: D:\Server\htdocs\enterprices\vendor\gabordemooij\redbean\RedBeanPHP\Driver\RPDO.php| Line: 194
==================
[2019-09-13 16:09:45] Text error: SQLSTATE[42000]: Syntax error or access violation: 1064 You have an error in your SQL syntax; check the manual that corresponds to your MySQL server version for the right syntax to use near '2' at line 1| File: D:\Server\htdocs\enterprices\vendor\gabordemooij\redbean\RedBeanPHP\Driver\RPDO.php| Line: 194
==================
[2019-09-13 16:09:49] Text error: SQLSTATE[42000]: Syntax error or access violation: 1064 You have an error in your SQL syntax; check the manual that corresponds to your MySQL server version for the right syntax to use near '2' at line 1| File: D:\Server\htdocs\enterprices\vendor\gabordemooij\redbean\RedBeanPHP\Driver\RPDO.php| Line: 194
==================
[2019-09-13 16:09:27] Text error: Bus route not found| File: D:\Server\htdocs\enterprices\app\controllers\BusController.php| Line: 12
==================
[2019-09-13 16:09:28] Text error: Bus route not found| File: D:\Server\htdocs\enterprices\app\controllers\BusController.php| Line: 12
==================
[2019-09-13 16:09:26] Text error: Page not found| File: D:\Server\htdocs\enterprices\vendor\enterprices\core\Router.php| Line: 41
==================
[2019-09-13 16:09:28] Text error: Bus route not found| File: D:\Server\htdocs\enterprices\app\controllers\BusController.php| Line: 12
==================
[2019-09-13 16:09:28] Text error: Controller app\controllers\BussController not found| File: D:\Server\htdocs\enterprices\vendor\enterprices\core\Router.php| Line: 38
==================
[2019-09-13 16:09:29] Text error: Bus route not found| File: D:\Server\htdocs\enterprices\app\controllers\BusController.php| Line: 12
==================
[2019-09-13 22:09:23] Text error: Class 'R' not found| File: D:\Server\htdocs\enterprices\app\controllers\AppController.php| Line: 25
==================
[2019-09-17 15:09:12] Text error: Page not found| File: D:\Server\htdocs\enterprices\vendor\enterprices\core\Router.php| Line: 41
==================
[2019-09-20 10:09:40] Text error: Class 'app\widgets\menu\Menu' not found| File: D:\Server\htdocs\enterprices\app\views\layouts\enterprices.php| Line: 36
==================
[2019-09-20 11:09:59] Text error: Class 'app\widgets\menu\Menu' not found| File: D:\Server\htdocs\enterprices\app\views\layouts\enterprices.php| Line: 38
==================
[2019-09-20 12:09:06] Text error: syntax error, unexpected ';'| File: D:\Server\htdocs\enterprices\app\widgets\menu\Menu.php| Line: 13
==================
[2019-09-20 13:09:06] Text error: Too few arguments to function app\widgets\menu\Menu::isActive(), 0 passed in D:\Server\htdocs\enterprices\app\widgets\menu\menu_tpl\menu.php on line 5 and exactly 1 expected| File: D:\Server\htdocs\enterprices\app\widgets\menu\Menu.php| Line: 95
==================
[2019-09-20 13:09:10] Text error: Too few arguments to function app\widgets\menu\Menu::isActive(), 0 passed in D:\Server\htdocs\enterprices\app\widgets\menu\menu_tpl\menu.php on line 5 and exactly 1 expected| File: D:\Server\htdocs\enterprices\app\widgets\menu\Menu.php| Line: 95
==================
[2019-09-20 13:09:25] Text error: Too few arguments to function app\widgets\menu\Menu::isActive(), 0 passed in D:\Server\htdocs\enterprices\app\widgets\menu\menu_tpl\menu.php on line 2 and exactly 1 expected| File: D:\Server\htdocs\enterprices\app\widgets\menu\Menu.php| Line: 95
==================
[2019-09-20 13:09:51] Text error: Too few arguments to function app\widgets\menu\Menu::isActive(), 0 passed in D:\Server\htdocs\enterprices\app\widgets\menu\menu_tpl\menu.php on line 2 and exactly 1 expected| File: D:\Server\htdocs\enterprices\app\widgets\menu\Menu.php| Line: 95
==================
[2019-09-20 13:09:41] Text error: Too few arguments to function app\widgets\menu\Menu::isActive(), 0 passed in D:\Server\htdocs\enterprices\app\widgets\menu\menu_tpl\menu.php on line 2 and exactly 1 expected| File: D:\Server\htdocs\enterprices\app\widgets\menu\Menu.php| Line: 95
==================
[2019-09-20 14:09:27] Text error: Controller app\controllers\SdfsdController not found| File: D:\Server\htdocs\enterprices\vendor\enterprices\core\Router.php| Line: 38
==================
[2019-09-20 14:09:30] Text error: Controller app\controllers\SdfsdController not found| File: D:\Server\htdocs\enterprices\vendor\enterprices\core\Router.php| Line: 38
==================
[2019-09-20 14:09:38] Text error: Controller app\controllers\IndexController not found| File: D:\Server\htdocs\enterprices\vendor\enterprices\core\Router.php| Line: 38
==================
[2019-09-20 15:09:06] Text error: syntax error, unexpected ')'| File: D:\Server\htdocs\enterprices\app\widgets\menu\Menu.php| Line: 122
==================
[2019-09-20 15:09:24] Text error: Method app\controllers\DepartmentController::repairAction not found| File: D:\Server\htdocs\enterprices\vendor\enterprices\core\Router.php| Line: 35
==================
[2019-09-20 15:09:28] Text error: Method app\controllers\DepartmentController::personnelAction not found| File: D:\Server\htdocs\enterprices\vendor\enterprices\core\Router.php| Line: 35
==================
[2019-09-20 15:09:32] Text error: Controller app\controllers\SettingsController not found| File: D:\Server\htdocs\enterprices\vendor\enterprices\core\Router.php| Line: 38
==================
[2019-09-20 15:09:32] Text error: Too few arguments to function app\widgets\menu\Menu::isActive(), 0 passed in D:\Server\htdocs\enterprices\app\widgets\menu\menu_tpl\menu.php on line 11 and exactly 1 expected| File: D:\Server\htdocs\enterprices\app\widgets\menu\Menu.php| Line: 95
==================
[2019-09-20 15:09:33] Text error: Too few arguments to function app\widgets\menu\Menu::isActive(), 0 passed in D:\Server\htdocs\enterprices\app\widgets\menu\menu_tpl\menu.php on line 11 and exactly 1 expected| File: D:\Server\htdocs\enterprices\app\widgets\menu\Menu.php| Line: 95
==================
[2019-09-20 15:09:34] Text error: Too few arguments to function app\widgets\menu\Menu::isActive(), 0 passed in D:\Server\htdocs\enterprices\app\widgets\menu\menu_tpl\menu.php on line 11 and exactly 1 expected| File: D:\Server\htdocs\enterprices\app\widgets\menu\Menu.php| Line: 95
==================
[2019-09-20 15:09:42] Text error: Too few arguments to function app\widgets\menu\Menu::isActive(), 0 passed in D:\Server\htdocs\enterprices\app\widgets\menu\menu_tpl\menu.php on line 11 and exactly 1 expected| File: D:\Server\htdocs\enterprices\app\widgets\menu\Menu.php| Line: 95
==================
[2019-09-20 15:09:43] Text error: Too few arguments to function app\widgets\menu\Menu::isActive(), 0 passed in D:\Server\htdocs\enterprices\app\widgets\menu\menu_tpl\menu.php on line 11 and exactly 1 expected| File: D:\Server\htdocs\enterprices\app\widgets\menu\Menu.php| Line: 95
==================
[2019-09-20 15:09:43] Text error: Too few arguments to function app\widgets\menu\Menu::isActive(), 0 passed in D:\Server\htdocs\enterprices\app\widgets\menu\menu_tpl\menu.php on line 11 and exactly 1 expected| File: D:\Server\htdocs\enterprices\app\widgets\menu\Menu.php| Line: 95
==================
[2019-09-20 15:09:43] Text error: Too few arguments to function app\widgets\menu\Menu::isActive(), 0 passed in D:\Server\htdocs\enterprices\app\widgets\menu\menu_tpl\menu.php on line 11 and exactly 1 expected| File: D:\Server\htdocs\enterprices\app\widgets\menu\Menu.php| Line: 95
==================
[2019-09-20 15:09:44] Text error: Too few arguments to function app\widgets\menu\Menu::isActive(), 0 passed in D:\Server\htdocs\enterprices\app\widgets\menu\menu_tpl\menu.php on line 11 and exactly 1 expected| File: D:\Server\htdocs\enterprices\app\widgets\menu\Menu.php| Line: 95
==================
[2019-09-20 15:09:44] Text error: Too few arguments to function app\widgets\menu\Menu::isActive(), 0 passed in D:\Server\htdocs\enterprices\app\widgets\menu\menu_tpl\menu.php on line 11 and exactly 1 expected| File: D:\Server\htdocs\enterprices\app\widgets\menu\Menu.php| Line: 95
==================
[2019-09-20 15:09:46] Text error: Too few arguments to function app\widgets\menu\Menu::isActive(), 0 passed in D:\Server\htdocs\enterprices\app\widgets\menu\menu_tpl\menu.php on line 11 and exactly 1 expected| File: D:\Server\htdocs\enterprices\app\widgets\menu\Menu.php| Line: 95
==================
[2019-09-20 15:09:50] Text error: Too few arguments to function app\widgets\menu\Menu::isActive(), 0 passed in D:\Server\htdocs\enterprices\app\widgets\menu\menu_tpl\menu.php on line 11 and exactly 1 expected| File: D:\Server\htdocs\enterprices\app\widgets\menu\Menu.php| Line: 95
==================
[2019-09-20 15:09:51] Text error: Too few arguments to function app\widgets\menu\Menu::isActive(), 0 passed in D:\Server\htdocs\enterprices\app\widgets\menu\menu_tpl\menu.php on line 11 and exactly 1 expected| File: D:\Server\htdocs\enterprices\app\widgets\menu\Menu.php| Line: 95
==================
[2019-09-20 15:09:30] Text error: Page not found| File: D:\Server\htdocs\enterprices\vendor\enterprices\core\Router.php| Line: 41
==================
[2019-09-20 15:09:27] Text error: Method app\controllers\DepartmentController::indexAction not found| File: D:\Server\htdocs\enterprices\vendor\enterprices\core\Router.php| Line: 35
==================
[2019-09-20 15:09:27] Text error: Page not found| File: D:\Server\htdocs\enterprices\vendor\enterprices\core\Router.php| Line: 41
==================
[2019-09-20 15:09:28] Text error: Method app\controllers\DepartmentController::indexAction not found| File: D:\Server\htdocs\enterprices\vendor\enterprices\core\Router.php| Line: 35
==================
[2019-09-20 16:09:42] Text error: Controller app\controllers\SettingsController not found| File: D:\Server\htdocs\enterprices\vendor\enterprices\core\Router.php| Line: 38
==================
[2019-09-20 16:09:44] Text error: Method app\controllers\DepartmentController::personnelAction not found| File: D:\Server\htdocs\enterprices\vendor\enterprices\core\Router.php| Line: 35
==================
[2019-09-20 20:09:59] Text error: Page not found| File: D:\Server\htdocs\enterprices\vendor\enterprices\core\Router.php| Line: 41
==================
[2019-09-20 21:09:14] Text error: Page not found| File: D:\Server\htdocs\enterprices\vendor\enterprices\core\Router.php| Line: 41
==================
[2019-09-20 21:09:50] Text error: Call to undefined method app\widgets\add\driver\AddModalDriver::output()| File: D:\Server\htdocs\enterprices\app\controllers\DepartmentController.php| Line: 28
==================
[2019-09-20 21:09:51] Text error: Call to undefined method app\widgets\add\driver\AddModalDriver::output()| File: D:\Server\htdocs\enterprices\app\controllers\DepartmentController.php| Line: 28
==================
[2019-09-20 21:09:52] Text error: Call to undefined method app\widgets\add\driver\AddModalDriver::output()| File: D:\Server\htdocs\enterprices\app\controllers\DepartmentController.php| Line: 28
==================
[2019-09-20 21:09:52] Text error: Call to undefined method app\widgets\add\driver\AddModalDriver::output()| File: D:\Server\htdocs\enterprices\app\controllers\DepartmentController.php| Line: 28
==================
[2019-09-20 21:09:46] Text error: Call to undefined method app\widgets\add\driver\AddModalDriver::output()| File: D:\Server\htdocs\enterprices\app\controllers\DepartmentController.php| Line: 28
==================
[2019-09-20 21:09:47] Text error: Call to undefined method app\widgets\add\driver\AddModalDriver::output()| File: D:\Server\htdocs\enterprices\app\controllers\DepartmentController.php| Line: 28
==================
[2019-09-20 21:09:48] Text error: Call to undefined method app\widgets\add\driver\AddModalDriver::output()| File: D:\Server\htdocs\enterprices\app\controllers\DepartmentController.php| Line: 28
==================
[2019-09-20 21:09:48] Text error: Call to undefined method app\widgets\add\driver\AddModalDriver::output()| File: D:\Server\htdocs\enterprices\app\controllers\DepartmentController.php| Line: 28
==================
[2019-09-20 21:09:59] Text error: Call to undefined method app\widgets\add\driver\AddModalDriver::output()| File: D:\Server\htdocs\enterprices\app\controllers\DepartmentController.php| Line: 28
==================
[2019-09-20 21:09:59] Text error: Call to undefined method app\widgets\add\driver\AddModalDriver::output()| File: D:\Server\htdocs\enterprices\app\controllers\DepartmentController.php| Line: 28
==================
[2019-09-20 21:09:00] Text error: Call to undefined method app\widgets\add\driver\AddModalDriver::output()| File: D:\Server\htdocs\enterprices\app\controllers\DepartmentController.php| Line: 28
==================
[2019-09-20 21:09:00] Text error: Call to undefined method app\widgets\add\driver\AddModalDriver::output()| File: D:\Server\htdocs\enterprices\app\controllers\DepartmentController.php| Line: 28
==================
[2019-09-20 21:09:32] Text error: Access to undeclared static property: app\widgets\add\driver\AddModalDriver::$menuHtml| File: D:\Server\htdocs\enterprices\app\controllers\DepartmentController.php| Line: 28
==================
[2019-09-20 21:09:33] Text error: Access to undeclared static property: app\widgets\add\driver\AddModalDriver::$menuHtml| File: D:\Server\htdocs\enterprices\app\controllers\DepartmentController.php| Line: 28
==================
[2019-09-20 21:09:42] Text error: Undefined class constant 'menuHtml'| File: D:\Server\htdocs\enterprices\app\controllers\DepartmentController.php| Line: 28
==================
[2019-09-20 21:09:43] Text error: Undefined class constant 'menuHtml'| File: D:\Server\htdocs\enterprices\app\controllers\DepartmentController.php| Line: 28
==================
[2019-09-20 21:09:05] Text error: Page not found| File: D:\Server\htdocs\enterprices\vendor\enterprices\core\Router.php| Line: 41
==================
[2019-09-20 21:09:32] Text error: Cannot access protected property app\widgets\add\car\AddModalCar::$tpl| File: D:\Server\htdocs\enterprices\app\controllers\DepartmentController.php| Line: 27
==================
[2019-09-20 21:09:33] Text error: Cannot access protected property app\widgets\add\car\AddModalCar::$tpl| File: D:\Server\htdocs\enterprices\app\controllers\DepartmentController.php| Line: 27
==================
[2019-09-20 22:09:44] Text error: Page not found| File: D:\Server\htdocs\enterprices\vendor\enterprices\core\Router.php| Line: 41
==================
[2019-09-20 22:09:06] Text error: Controller app\controllers\DepartmentController not found| File: D:\Server\htdocs\enterprices\vendor\enterprices\core\Router.php| Line: 38
==================
[2019-09-20 23:09:06] Text error: Modal status: kek not initialized| File: D:\Server\htdocs\enterprices\app\widgets\add\driver\AddModalDriver.php| Line: 21
==================
[2019-09-20 23:09:36] Text error: Modal status: kek not initialized| File: D:\Server\htdocs\enterprices\app\widgets\add\driver\AddModalDriver.php| Line: 21
==================
[2019-09-20 23:09:38] Text error: Modal status: kek not initialized| File: D:\Server\htdocs\enterprices\app\widgets\add\driver\AddModalDriver.php| Line: 21
==================
[2019-09-20 23:09:39] Text error: Modal status: kek not initialized| File: D:\Server\htdocs\enterprices\app\widgets\add\driver\AddModalDriver.php| Line: 21
==================
[2019-09-20 23:09:42] Text error: Modal status: kek not initialized| File: D:\Server\htdocs\enterprices\app\widgets\add\driver\AddModalDriver.php| Line: 21
==================
[2019-09-20 23:09:56] Text error: Class 'app\widgets\add\driver\AddModalDriver' not found| File: D:\Server\htdocs\enterprices\app\controllers\DepartmentController.php| Line: 27
==================
[2019-09-20 23:09:33] Text error: Method app\controllers\DepartmentController::indexAction not found| File: D:\Server\htdocs\enterprices\vendor\enterprices\core\Router.php| Line: 35
==================
[2019-09-20 23:09:15] Text error: Controller app\controllers\KekController not found| File: D:\Server\htdocs\enterprices\vendor\enterprices\core\Router.php| Line: 38
==================
[2019-09-20 23:09:38] Text error: Controller app\controllers\AddDriverController not found| File: D:\Server\htdocs\enterprices\vendor\enterprices\core\Router.php| Line: 38
==================
[2019-09-20 23:09:24] Text error: Controller app\controllers\AddDriverController not found| File: D:\Server\htdocs\enterprices\vendor\enterprices\core\Router.php| Line: 38
==================
[2019-09-21 00:09:35] Text error: Controller app\controllers\AddDriverController not found| File: D:\Server\htdocs\enterprices\vendor\enterprices\core\Router.php| Line: 38
==================
[2019-09-21 00:09:45] Text error: Controller app\controllers\AddDriverController not found| File: D:\Server\htdocs\enterprices\vendor\enterprices\core\Router.php| Line: 38
==================
[2019-09-21 00:09:56] Text error: Controller app\controllers\AddDriverController not found| File: D:\Server\htdocs\enterprices\vendor\enterprices\core\Router.php| Line: 38
==================
[2019-09-21 00:09:14] Text error: Controller app\controllers\AddDriverController not found| File: D:\Server\htdocs\enterprices\vendor\enterprices\core\Router.php| Line: 38
==================
[2019-09-21 00:09:19] Text error: Controller app\controllers\AddDriverController not found| File: D:\Server\htdocs\enterprices\vendor\enterprices\core\Router.php| Line: 38
==================
[2019-09-21 00:09:16] Text error: Controller app\controllers\AddDriverController not found| File: D:\Server\htdocs\enterprices\vendor\enterprices\core\Router.php| Line: 38
==================
[2019-09-21 00:09:24] Text error: Controller app\controllers\AddDriverController not found| File: D:\Server\htdocs\enterprices\vendor\enterprices\core\Router.php| Line: 38
==================
[2019-09-21 00:09:01] Text error: Too few arguments to function app\widgets\add\car\AddModalCar::__construct(), 0 passed in D:\Server\htdocs\enterprices\app\controllers\DepartmentController.php on line 29 and at least 1 expected| File: D:\Server\htdocs\enterprices\app\widgets\add\car\AddModalCar.php| Line: 15
==================
[2019-09-21 00:09:02] Text error: Too few arguments to function app\widgets\add\car\AddModalCar::__construct(), 0 passed in D:\Server\htdocs\enterprices\app\controllers\DepartmentController.php on line 29 and at least 1 expected| File: D:\Server\htdocs\enterprices\app\widgets\add\car\AddModalCar.php| Line: 15
==================
[2019-09-21 00:09:03] Text error: Too few arguments to function app\widgets\add\car\AddModalCar::__construct(), 0 passed in D:\Server\htdocs\enterprices\app\controllers\DepartmentController.php on line 29 and at least 1 expected| File: D:\Server\htdocs\enterprices\app\widgets\add\car\AddModalCar.php| Line: 15
==================
[2019-09-21 00:09:27] Text error: Controller app\controllers\AddDriverController not found| File: D:\Server\htdocs\enterprices\vendor\enterprices\core\Router.php| Line: 38
==================
[2019-09-21 00:09:31] Text error: Controller app\controllers\AddDriverController not found| File: D:\Server\htdocs\enterprices\vendor\enterprices\core\Router.php| Line: 38
==================
[2019-09-21 00:09:42] Text error: Controller app\controllers\AddDriverController not found| File: D:\Server\htdocs\enterprices\vendor\enterprices\core\Router.php| Line: 38
==================
[2019-09-21 00:09:25] Text error: Class 'app\widgets\add\car\AddModalCar' not found| File: D:\Server\htdocs\enterprices\app\controllers\DepartmentController.php| Line: 29
==================
[2019-09-21 00:09:29] Text error: Controller app\controllers\AddDriverController not found| File: D:\Server\htdocs\enterprices\vendor\enterprices\core\Router.php| Line: 38
==================
[2019-09-21 00:09:33] Text error: Controller app\controllers\AddCarController not found| File: D:\Server\htdocs\enterprices\vendor\enterprices\core\Router.php| Line: 38
==================
[2019-09-21 00:09:42] Text error: Controller app\controllers\AddCarController not found| File: D:\Server\htdocs\enterprices\vendor\enterprices\core\Router.php| Line: 38
==================
[2019-09-21 00:09:54] Text error: Controller app\controllers\AddCarController not found| File: D:\Server\htdocs\enterprices\vendor\enterprices\core\Router.php| Line: 38
==================
[2019-09-21 08:09:22] Text error: Page not found| File: D:\Server\htdocs\enterprices\vendor\enterprices\core\Router.php| Line: 41
==================
[2019-09-22 11:09:29] Text error: Controller app\controllers\SettingsController not found| File: D:\Server\htdocs\enterprices\vendor\enterprices\core\Router.php| Line: 38
==================
[2019-09-22 12:09:11] Text error: Controller app\controllers\SettingsController not found| File: D:\Server\htdocs\enterprices\vendor\enterprices\core\Router.php| Line: 38
==================
[2019-09-22 12:09:58] Text error: Method app\controllers\SettingsController::indexAction not found| File: D:\Server\htdocs\enterprices\vendor\enterprices\core\Router.php| Line: 35
==================
[2019-09-22 12:09:52] Text error: View D:\Server\htdocs\enterprices/app/views/Settings/index.php not found| File: D:\Server\htdocs\enterprices\vendor\enterprices\core\base\View.php| Line: 42
==================
[2019-09-22 12:09:58] Text error: SQLSTATE[42S02]: Base table or view not found: 1146 Table 'enterprices.body_types_cars' doesn't exist| File: D:\Server\htdocs\enterprices\vendor\gabordemooij\redbean\RedBeanPHP\Driver\RPDO.php| Line: 194
==================
[2019-09-22 12:09:08] Text error: SQLSTATE[42S02]: Base table or view not found: 1146 Table 'enterprices.body_types_cars' doesn't exist| File: D:\Server\htdocs\enterprices\vendor\gabordemooij\redbean\RedBeanPHP\Driver\RPDO.php| Line: 194
==================
[2019-09-22 13:09:45] Text error: syntax error, unexpected ')', expecting :: (T_PAAMAYIM_NEKUDOTAYIM)| File: D:\Server\htdocs\enterprices\app\widgets\add\car\car_tpl\car.php| Line: 40
==================
[2019-09-22 13:09:46] Text error: syntax error, unexpected ')', expecting :: (T_PAAMAYIM_NEKUDOTAYIM)| File: D:\Server\htdocs\enterprices\app\widgets\add\car\car_tpl\car.php| Line: 40
==================
[2019-09-22 14:09:31] Text error: Call to undefined function mb_ucdfirst()| File: D:\Server\htdocs\enterprices\app\widgets\add\car\car_tpl\car.php| Line: 7
==================
[2019-09-22 14:09:31] Text error: Call to undefined function mb_ucdfirst()| File: D:\Server\htdocs\enterprices\app\widgets\add\car\car_tpl\car.php| Line: 7
==================
[2019-09-22 14:09:36] Text error: Call to undefined function mb_ucfirst()| File: D:\Server\htdocs\enterprices\app\widgets\add\car\car_tpl\car.php| Line: 7
==================
[2019-09-22 14:09:36] Text error: Call to undefined function mb_ucfirst()| File: D:\Server\htdocs\enterprices\app\widgets\add\car\car_tpl\car.php| Line: 7
==================
[2019-09-22 14:09:37] Text error: Call to undefined function mb_ucfirst()| File: D:\Server\htdocs\enterprices\app\widgets\add\car\car_tpl\car.php| Line: 7
==================
[2019-09-22 14:09:37] Text error: Call to undefined function mb_ucfirst()| File: D:\Server\htdocs\enterprices\app\widgets\add\car\car_tpl\car.php| Line: 7
==================
[2019-09-22 14:09:13] Text error: Method app\controllers\DepartmentController::repairAction not found| File: D:\Server\htdocs\enterprices\vendor\enterprices\core\Router.php| Line: 35
==================
[2019-09-22 14:09:51] Text error: SQLSTATE[42000]: Syntax error or access violation: 1064 You have an error in your SQL syntax; check the manual that corresponds to your MySQL server version for the right syntax to use near 'car_marks' at line 1| File: D:\Server\htdocs\enterprices\vendor\gabordemooij\redbean\RedBeanPHP\Driver\RPDO.php| Line: 194
==================
[2019-09-22 14:09:16] Text error: SQLSTATE[42S22]: Column not found: 1054 Unknown column 'car_marks' in 'field list'| File: D:\Server\htdocs\enterprices\vendor\gabordemooij\redbean\RedBeanPHP\Driver\RPDO.php| Line: 194
==================
[2019-09-22 14:09:17] Text error: SQLSTATE[42S22]: Column not found: 1054 Unknown column 'car_marks' in 'field list'| File: D:\Server\htdocs\enterprices\vendor\gabordemooij\redbean\RedBeanPHP\Driver\RPDO.php| Line: 194
==================
[2019-09-22 14:09:27] Text error: SQLSTATE[42000]: Syntax error or access violation: 1064 You have an error in your SQL syntax; check the manual that corresponds to your MySQL server version for the right syntax to use near 'car_marks' at line 1| File: D:\Server\htdocs\enterprices\vendor\gabordemooij\redbean\RedBeanPHP\Driver\RPDO.php| Line: 194
==================
[2019-09-22 14:09:28] Text error: SQLSTATE[42000]: Syntax error or access violation: 1064 You have an error in your SQL syntax; check the manual that corresponds to your MySQL server version for the right syntax to use near 'car_marks' at line 1| File: D:\Server\htdocs\enterprices\vendor\gabordemooij\redbean\RedBeanPHP\Driver\RPDO.php| Line: 194
==================
[2019-09-22 15:09:26] Text error: Controller app\controllers\AddCarController not found| File: D:\Server\htdocs\enterprices\vendor\enterprices\core\Router.php| Line: 38
==================
[2019-09-22 15:09:22] Text error: Controller app\controllers\AddCarController not found| File: D:\Server\htdocs\enterprices\vendor\enterprices\core\Router.php| Line: 38
==================
[2019-09-22 15:09:41] Text error: Controller app\controllers\AddCarController not found| File: D:\Server\htdocs\enterprices\vendor\enterprices\core\Router.php| Line: 38
==================
[2019-09-22 15:09:42] Text error: Controller app\controllers\AddCarController not found| File: D:\Server\htdocs\enterprices\vendor\enterprices\core\Router.php| Line: 38
==================
[2019-09-22 15:09:43] Text error: Controller app\controllers\AddCarController not found| File: D:\Server\htdocs\enterprices\vendor\enterprices\core\Router.php| Line: 38
==================
[2019-09-22 15:09:44] Text error: Controller app\controllers\AddCarController not found| File: D:\Server\htdocs\enterprices\vendor\enterprices\core\Router.php| Line: 38
==================
[2019-09-22 15:09:44] Text error: Controller app\controllers\AddCarController not found| File: D:\Server\htdocs\enterprices\vendor\enterprices\core\Router.php| Line: 38
==================
[2019-09-22 15:09:45] Text error: Controller app\controllers\AddCarController not found| File: D:\Server\htdocs\enterprices\vendor\enterprices\core\Router.php| Line: 38
==================
[2019-09-22 15:09:45] Text error: Controller app\controllers\AddCarController not found| File: D:\Server\htdocs\enterprices\vendor\enterprices\core\Router.php| Line: 38
==================
[2019-09-22 15:09:45] Text error: Controller app\controllers\AddCarController not found| File: D:\Server\htdocs\enterprices\vendor\enterprices\core\Router.php| Line: 38
==================
[2019-09-22 15:09:46] Text error: Controller app\controllers\AddCarController not found| File: D:\Server\htdocs\enterprices\vendor\enterprices\core\Router.php| Line: 38
==================
[2019-09-22 15:09:46] Text error: Controller app\controllers\AddCarController not found| File: D:\Server\htdocs\enterprices\vendor\enterprices\core\Router.php| Line: 38
==================
[2019-09-22 15:09:46] Text error: Controller app\controllers\AddCarController not found| File: D:\Server\htdocs\enterprices\vendor\enterprices\core\Router.php| Line: 38
==================
[2019-09-22 15:09:47] Text error: Controller app\controllers\AddCarController not found| File: D:\Server\htdocs\enterprices\vendor\enterprices\core\Router.php| Line: 38
==================
[2019-09-22 15:09:27] Text error: Method app\controllers\AddCarController::taxiAction not found| File: D:\Server\htdocs\enterprices\vendor\enterprices\core\Router.php| Line: 35
==================
[2019-09-22 15:09:47] Text error: Call to undefined method app\controllers\AddCarController::getView()| File: D:\Server\htdocs\enterprices\vendor\enterprices\core\Router.php| Line: 33
==================
[2019-09-22 15:09:49] Text error: Call to undefined method app\controllers\AddCarController::getView()| File: D:\Server\htdocs\enterprices\vendor\enterprices\core\Router.php| Line: 33
==================
[2019-09-22 15:09:49] Text error: Call to undefined method app\controllers\AddCarController::getView()| File: D:\Server\htdocs\enterprices\vendor\enterprices\core\Router.php| Line: 33
==================
[2019-09-22 15:09:50] Text error: Call to undefined method app\controllers\AddCarController::getView()| File: D:\Server\htdocs\enterprices\vendor\enterprices\core\Router.php| Line: 33
==================
[2019-09-22 15:09:50] Text error: Call to undefined method app\controllers\AddCarController::getView()| File: D:\Server\htdocs\enterprices\vendor\enterprices\core\Router.php| Line: 33
==================
[2019-09-22 15:09:50] Text error: Call to undefined method app\controllers\AddCarController::getView()| File: D:\Server\htdocs\enterprices\vendor\enterprices\core\Router.php| Line: 33
==================
[2019-09-22 15:09:51] Text error: Call to undefined method app\controllers\AddCarController::getView()| File: D:\Server\htdocs\enterprices\vendor\enterprices\core\Router.php| Line: 33
==================
[2019-09-22 15:09:51] Text error: Call to undefined method app\controllers\AddCarController::getView()| File: D:\Server\htdocs\enterprices\vendor\enterprices\core\Router.php| Line: 33
==================
[2019-09-22 15:09:51] Text error: Call to undefined method app\controllers\AddCarController::getView()| File: D:\Server\htdocs\enterprices\vendor\enterprices\core\Router.php| Line: 33
==================
[2019-09-22 15:09:52] Text error: Call to undefined method app\controllers\AddCarController::getView()| File: D:\Server\htdocs\enterprices\vendor\enterprices\core\Router.php| Line: 33
==================
[2019-09-22 15:09:52] Text error: Call to undefined method app\controllers\AddCarController::getView()| File: D:\Server\htdocs\enterprices\vendor\enterprices\core\Router.php| Line: 33
==================
[2019-09-22 15:09:52] Text error: Call to undefined method app\controllers\AddCarController::getView()| File: D:\Server\htdocs\enterprices\vendor\enterprices\core\Router.php| Line: 33
==================
[2019-09-22 15:09:52] Text error: Call to undefined method app\controllers\AddCarController::getView()| File: D:\Server\htdocs\enterprices\vendor\enterprices\core\Router.php| Line: 33
==================
[2019-09-22 15:09:53] Text error: Call to undefined method app\controllers\AddCarController::getView()| File: D:\Server\htdocs\enterprices\vendor\enterprices\core\Router.php| Line: 33
==================
[2019-09-22 15:09:05] Text error: View D:\Server\htdocs\enterprices/app/views/AddCar/taxi.php not found| File: D:\Server\htdocs\enterprices\vendor\enterprices\core\base\View.php| Line: 42
==================
[2019-09-22 15:09:14] Text error: View D:\Server\htdocs\enterprices/app/views/AddCar/taxi.php not found| File: D:\Server\htdocs\enterprices\vendor\enterprices\core\base\View.php| Line: 42
==================
[2019-09-22 15:09:23] Text error: View D:\Server\htdocs\enterprices/app/views/AddCar/taxi.php not found| File: D:\Server\htdocs\enterprices\vendor\enterprices\core\base\View.php| Line: 42
==================
[2019-09-22 15:09:05] Text error: Page not found| File: D:\Server\htdocs\enterprices\vendor\enterprices\core\Router.php| Line: 41
==================
[2019-09-22 15:09:17] Text error: Page not found| File: D:\Server\htdocs\enterprices\vendor\enterprices\core\Router.php| Line: 41
==================
[2019-09-22 17:09:43] Text error: View D:\Server\htdocs\enterprices/app/views/AddCar/taxi.php not found| File: D:\Server\htdocs\enterprices\vendor\enterprices\core\base\View.php| Line: 42
==================
[2019-09-22 17:09:47] Text error: View D:\Server\htdocs\enterprices/app/views/AddCar/taxi.php not found| File: D:\Server\htdocs\enterprices\vendor\enterprices\core\base\View.php| Line: 42
==================
[2019-09-22 17:09:47] Text error: View D:\Server\htdocs\enterprices/app/views/AddCar/taxi.php not found| File: D:\Server\htdocs\enterprices\vendor\enterprices\core\base\View.php| Line: 42
==================
[2019-09-22 17:09:48] Text error: View D:\Server\htdocs\enterprices/app/views/AddCar/taxi.php not found| File: D:\Server\htdocs\enterprices\vendor\enterprices\core\base\View.php| Line: 42
==================
[2019-09-22 17:09:34] Text error: Controller app\controllers\AddDriverController not found| File: D:\Server\htdocs\enterprices\vendor\enterprices\core\Router.php| Line: 38
==================
[2019-09-22 17:09:41] Text error: Controller app\controllers\AddDriverController not found| File: D:\Server\htdocs\enterprices\vendor\enterprices\core\Router.php| Line: 38
==================
[2019-09-22 17:09:45] Text error: Controller app\controllers\AddDriverController not found| File: D:\Server\htdocs\enterprices\vendor\enterprices\core\Router.php| Line: 38
==================
[2019-09-22 19:09:27] Text error: Page not found| File: D:\Server\htdocs\enterprices\vendor\enterprices\core\Router.php| Line: 41
==================
[2019-09-22 19:09:44] Text error: Controller app\controllers\AddDriverController not found| File: D:\Server\htdocs\enterprices\vendor\enterprices\core\Router.php| Line: 38
==================
[2019-09-22 19:09:44] Text error: Page not found| File: D:\Server\htdocs\enterprices\vendor\enterprices\core\Router.php| Line: 41
==================
[2019-09-22 19:09:16] Text error: Method app\controllers\AddDriverController::taxiAction not found| File: D:\Server\htdocs\enterprices\vendor\enterprices\core\Router.php| Line: 35
==================
[2019-09-22 19:09:22] Text error: Method app\controllers\DepartmentController::repairAction not found| File: D:\Server\htdocs\enterprices\vendor\enterprices\core\Router.php| Line: 35
==================
[2019-09-22 19:09:26] Text error: Controller app\controllers\CarController not found| File: D:\Server\htdocs\enterprices\vendor\enterprices\core\Router.php| Line: 38
==================
[2019-09-22 19:09:35] Text error: Controller app\controllers\CarController not found| File: D:\Server\htdocs\enterprices\vendor\enterprices\core\Router.php| Line: 38
==================
[2019-09-22 19:09:48] Text error: Method app\controllers\CarController::modalsAction not found| File: D:\Server\htdocs\enterprices\vendor\enterprices\core\Router.php| Line: 35
==================
[2019-09-22 19:09:52] Text error: View D:\Server\htdocs\enterprices/app/views/Car/modals.php not found| File: D:\Server\htdocs\enterprices\vendor\enterprices\core\base\View.php| Line: 42
==================
[2019-09-22 19:09:29] Text error: View D:\Server\htdocs\enterprices/app/views/Car/modals.php not found| File: D:\Server\htdocs\enterprices\vendor\enterprices\core\base\View.php| Line: 42
==================
[2019-09-22 19:09:38] Text error: View D:\Server\htdocs\enterprices/app/views/Car/modals.php not found| File: D:\Server\htdocs\enterprices\vendor\enterprices\core\base\View.php| Line: 42
==================
[2019-09-22 19:09:44] Text error: View D:\Server\htdocs\enterprices/app/views/Car/modals.php not found| File: D:\Server\htdocs\enterprices\vendor\enterprices\core\base\View.php| Line: 42
==================
[2019-09-22 19:09:51] Text error: View D:\Server\htdocs\enterprices/app/views/Car/modals.php not found| File: D:\Server\htdocs\enterprices\vendor\enterprices\core\base\View.php| Line: 42
==================
[2019-09-22 19:09:15] Text error: View D:\Server\htdocs\enterprices/app/views/Car/modals.php not found| File: D:\Server\htdocs\enterprices\vendor\enterprices\core\base\View.php| Line: 42
==================
[2019-09-22 19:09:21] Text error: View D:\Server\htdocs\enterprices/app/views/Car/modals.php not found| File: D:\Server\htdocs\enterprices\vendor\enterprices\core\base\View.php| Line: 42
==================
[2019-09-22 19:09:28] Text error: View D:\Server\htdocs\enterprices/app/views/Car/modals.php not found| File: D:\Server\htdocs\enterprices\vendor\enterprices\core\base\View.php| Line: 42
==================
[2019-09-22 19:09:15] Text error: Call to a member function grep() on null| File: D:\Server\htdocs\enterprices\app\views\layouts\enterprices.php| Line: 67
==================
[2019-09-22 19:09:15] Text error: Call to a member function grep() on null| File: D:\Server\htdocs\enterprices\app\views\layouts\enterprices.php| Line: 67
==================
[2019-09-22 19:09:15] Text error: Call to a member function grep() on null| File: D:\Server\htdocs\enterprices\app\views\layouts\enterprices.php| Line: 67
==================
[2019-09-22 19:09:15] Text error: Call to a member function grep() on null| File: D:\Server\htdocs\enterprices\app\views\layouts\enterprices.php| Line: 67
==================
[2019-09-22 19:09:16] Text error: Call to a member function grep() on null| File: D:\Server\htdocs\enterprices\app\views\layouts\enterprices.php| Line: 67
==================
[2019-09-22 19:09:19] Text error: View D:\Server\htdocs\enterprices/app/views/Car/modals.php not found| File: D:\Server\htdocs\enterprices\vendor\enterprices\core\base\View.php| Line: 42
==================
[2019-09-22 20:09:40] Text error: Call to a member function grep() on null| File: D:\Server\htdocs\enterprices\app\views\layouts\enterprices.php| Line: 67
==================
[2019-09-22 20:09:40] Text error: Page not found| File: D:\Server\htdocs\enterprices\vendor\enterprices\core\Router.php| Line: 41
==================
[2019-09-22 20:09:46] Text error: Call to a member function grep() on null| File: D:\Server\htdocs\enterprices\app\views\layouts\enterprices.php| Line: 67
==================
[2019-09-22 20:09:50] Text error: syntax error, unexpected '}'| File: D:\Server\htdocs\enterprices\app\controllers\CarController.php| Line: 14
==================
[2019-09-22 20:09:48] Text error: Call to a member function grep() on null| File: D:\Server\htdocs\enterprices\app\views\layouts\enterprices.php| Line: 67
==================
[2019-09-22 20:09:06] Text error: syntax error, unexpected '}'| File: D:\Server\htdocs\enterprices\app\controllers\CarController.php| Line: 14
==================
[2019-09-22 20:09:36] Text error: Call to a member function grep() on null| File: D:\Server\htdocs\enterprices\app\views\layouts\enterprices.php| Line: 67
==================
[2019-09-22 20:09:40] Text error: Ajax error| File: D:\Server\htdocs\enterprices\app\controllers\CarController.php| Line: 13
==================
[2019-09-22 20:09:47] Text error: Ajax error| File: D:\Server\htdocs\enterprices\app\controllers\CarController.php| Line: 13
==================
[2019-09-22 20:09:49] Text error: Ajax error| File: D:\Server\htdocs\enterprices\app\controllers\CarController.php| Line: 13
==================
[2019-09-22 20:09:52] Text error: Ajax error| File: D:\Server\htdocs\enterprices\app\controllers\CarController.php| Line: 13
==================
[2019-09-22 20:09:54] Text error: Ajax error| File: D:\Server\htdocs\enterprices\app\controllers\CarController.php| Line: 13
==================
[2019-09-22 20:09:59] Text error: Ajax error| File: D:\Server\htdocs\enterprices\app\controllers\CarController.php| Line: 13
==================
[2019-09-22 20:09:04] Text error: Ajax error| File: D:\Server\htdocs\enterprices\app\controllers\CarController.php| Line: 13
==================
[2019-09-22 20:09:23] Text error: Call to a member function grep() on null| File: D:\Server\htdocs\enterprices\app\views\layouts\enterprices.php| Line: 67
==================
[2019-09-22 20:09:23] Text error: Call to a member function grep() on null| File: D:\Server\htdocs\enterprices\app\views\layouts\enterprices.php| Line: 67
==================
[2019-09-22 20:09:26] Text error: View D:\Server\htdocs\enterprices/app/views/Car/modals.php not found| File: D:\Server\htdocs\enterprices\vendor\enterprices\core\base\View.php| Line: 42
==================
[2019-09-22 20:09:47] Text error: Call to a member function grep() on null| File: D:\Server\htdocs\enterprices\app\views\layouts\enterprices.php| Line: 67
==================
[2019-09-22 20:09:52] Text error: View D:\Server\htdocs\enterprices/app/views/Car/modals.php not found| File: D:\Server\htdocs\enterprices\vendor\enterprices\core\base\View.php| Line: 42
==================
[2019-09-22 20:09:57] Text error: Call to a member function grep() on null| File: D:\Server\htdocs\enterprices\app\views\layouts\enterprices.php| Line: 67
==================
[2019-09-22 20:09:58] Text error: Call to a member function grep() on null| File: D:\Server\htdocs\enterprices\app\views\layouts\enterprices.php| Line: 67
==================
[2019-09-22 20:09:58] Text error: Call to a member function grep() on null| File: D:\Server\htdocs\enterprices\app\views\layouts\enterprices.php| Line: 67
==================
[2019-09-22 20:09:02] Text error: View D:\Server\htdocs\enterprices/app/views/Car/modals.php not found| File: D:\Server\htdocs\enterprices\vendor\enterprices\core\base\View.php| Line: 42
==================
[2019-09-22 20:09:16] Text error: Call to a member function grep() on null| File: D:\Server\htdocs\enterprices\app\views\layouts\enterprices.php| Line: 67
==================
[2019-09-22 20:09:16] Text error: Call to a member function grep() on null| File: D:\Server\htdocs\enterprices\app\views\layouts\enterprices.php| Line: 67
==================
[2019-09-22 20:09:17] Text error: Call to a member function grep() on null| File: D:\Server\htdocs\enterprices\app\views\layouts\enterprices.php| Line: 67
==================
[2019-09-22 20:09:24] Text error: Call to a member function grep() on null| File: D:\Server\htdocs\enterprices\app\views\layouts\enterprices.php| Line: 67
==================
[2019-09-22 20:09:25] Text error: Call to a member function grep() on null| File: D:\Server\htdocs\enterprices\app\views\layouts\enterprices.php| Line: 67
==================
[2019-09-22 20:09:25] Text error: Call to a member function grep() on null| File: D:\Server\htdocs\enterprices\app\views\layouts\enterprices.php| Line: 67
==================
[2019-09-22 20:09:25] Text error: Call to a member function grep() on null| File: D:\Server\htdocs\enterprices\app\views\layouts\enterprices.php| Line: 67
==================
[2019-09-22 20:09:29] Text error: View D:\Server\htdocs\enterprices/app/views/Car/modals.php not found| File: D:\Server\htdocs\enterprices\vendor\enterprices\core\base\View.php| Line: 42
==================
[2019-09-22 20:09:13] Text error: View D:\Server\htdocs\enterprices/app/views/Car/modals.php not found| File: D:\Server\htdocs\enterprices\vendor\enterprices\core\base\View.php| Line: 42
==================
[2019-09-22 23:09:42] Text error: View D:\Server\htdocs\enterprices/app/views/Car/models.php not found| File: D:\Server\htdocs\enterprices\vendor\enterprices\core\base\View.php| Line: 42
==================
[2019-09-22 23:09:09] Text error: View D:\Server\htdocs\enterprices/app/views/Car/models.php not found| File: D:\Server\htdocs\enterprices\vendor\enterprices\core\base\View.php| Line: 42
==================
[2019-09-22 23:09:46] Text error: View D:\Server\htdocs\enterprices/app/views/Car/models.php not found| File: D:\Server\htdocs\enterprices\vendor\enterprices\core\base\View.php| Line: 42
==================
[2019-09-23 10:09:54] Text error: Method app\controllers\DepartmentController::repairAction not found| File: D:\Server\htdocs\enterprices\vendor\enterprices\core\Router.php| Line: 35
==================
[2019-09-23 10:09:01] Text error: Method app\controllers\DepartmentController::personnelAction not found| File: D:\Server\htdocs\enterprices\vendor\enterprices\core\Router.php| Line: 35
==================
[2019-09-23 10:09:05] Text error: Method app\controllers\DepartmentController::personnelAction not found| File: D:\Server\htdocs\enterprices\vendor\enterprices\core\Router.php| Line: 35
==================
[2019-09-23 19:09:00] Text error: syntax error, unexpected '}'| File: D:\Server\htdocs\enterprices\app\controllers\AddDriverController.php| Line: 24
==================
[2019-09-28 22:09:32] Text error: Page not found| File: D:\Server\htdocs\enterprices\vendor\enterprices\core\Router.php| Line: 41
==================
